<?xml version="1.0" encoding="UTF-8"?>
<!-- Generated by org.testng.reporters.JUnitReportReporter -->
<testsuite hostname="aditya" failures="0" tests="1" name="com.example.SeleniumTest" time="4.608" errors="0" timestamp="2024-08-09T18:59:36 IST" skipped="0">
  <testcase classname="com.example.SeleniumTest" name="testGoogleSearch" time="4.608"/>
  <system-out/>
</testsuite> <!-- com.example.SeleniumTest -->
